Der Buildvorgang wurde am 18.04.2016 09:33:59 gestartet.
     1>Projekt "c:\Users\fischer.david\documents\visual studio 2012\Projects\Sudoku_GruppeA_18042016\Sudoku_GruppeA_18042016\Sudoku_GruppeA_18042016.vcxproj" auf Knoten "2", Build Ziel(e).
     1>ClCompile:
         C:\Program Files (x86)\Microsoft Visual Studio 11.0\VC\bin\CL.exe /c /I"c:\Users\fischer.david\documents\visual studio 2012\Projects\Sudoku_GruppeA_18042016\Sudoku_GruppeA_18042016\include" /ZI /nologo /Wall /WX- /Od /Oy- /D _MBCS /Gm /EHsc /RTC1 /MDd /GS /fp:precise /Za /Zc:wchar_t /Zc:forScope /Fo"Debug\\" /Fd"Debug\vc110.pdb" /Gd /TC /analyze- /errorReport:prompt main.c
         main.c
     1>c:\program files (x86)\microsoft visual studio 11.0\vc\include\sal.h(152): warning C4001: Dem Standard nicht entsprechende Erweiterung 'einzeiliger Kommentar ' wurde verwendet
     1>c:\program files (x86)\microsoft visual studio 11.0\vc\include\wchar.h(109): warning C4820: "_wfinddata64i32_t": 4 Bytes Abstand hinter Datenmember  "attrib" hinzugefügt.
     1>c:\program files (x86)\microsoft visual studio 11.0\vc\include\wchar.h(114): warning C4820: "_wfinddata64i32_t": 4 Bytes Abstand hinter Datenmember  "name" hinzugefügt.
     1>c:\program files (x86)\microsoft visual studio 11.0\vc\include\wchar.h(118): warning C4820: "_wfinddata64_t": 4 Bytes Abstand hinter Datenmember  "attrib" hinzugefügt.
     1>c:\program files (x86)\microsoft visual studio 11.0\vc\include\wchar.h(507): warning C4820: "_stat32": 2 Bytes Abstand hinter Datenmember  "st_gid" hinzugefügt.
     1>c:\program files (x86)\microsoft visual studio 11.0\vc\include\wchar.h(539): warning C4820: "_stat32i64": 2 Bytes Abstand hinter Datenmember  "st_gid" hinzugefügt.
     1>c:\program files (x86)\microsoft visual studio 11.0\vc\include\wchar.h(540): warning C4820: "_stat32i64": 4 Bytes Abstand hinter Datenmember  "st_rdev" hinzugefügt.
     1>c:\program files (x86)\microsoft visual studio 11.0\vc\include\wchar.h(544): warning C4820: "_stat32i64": 4 Bytes Abstand hinter Datenmember  "st_ctime" hinzugefügt.
     1>c:\program files (x86)\microsoft visual studio 11.0\vc\include\wchar.h(553): warning C4820: "_stat64i32": 2 Bytes Abstand hinter Datenmember  "st_gid" hinzugefügt.
     1>c:\program files (x86)\microsoft visual studio 11.0\vc\include\wchar.h(567): warning C4820: "_stat64": 2 Bytes Abstand hinter Datenmember  "st_gid" hinzugefügt.
     1>c:\program files (x86)\microsoft visual studio 11.0\vc\include\wchar.h(568): warning C4820: "_stat64": 4 Bytes Abstand hinter Datenmember  "st_rdev" hinzugefügt.
     1>c:\users\fischer.david\documents\visual studio 2012\projects\sudoku_gruppea_18042016\sudoku_gruppea_18042016\include\curses.h(95): warning C4668: '_LP64' ist nicht als ein Präprozessormakro definiert, wird durch '0' für '#if/#elif' ersetzt
     1>c:\users\fischer.david\documents\visual studio 2012\projects\sudoku_gruppea_18042016\sudoku_gruppea_18042016\include\curses.h(121): warning C4820: "<unnamed-tag>": 2 Bytes Abstand hinter Datenmember  "button" hinzugefügt.
     1>c:\users\fischer.david\documents\visual studio 2012\projects\sudoku_gruppea_18042016\sudoku_gruppea_18042016\include\curses.h(221): warning C4820: "<unnamed-tag>": 2 Bytes Abstand hinter Datenmember  "id" hinzugefügt.
     1>c:\users\fischer.david\documents\visual studio 2012\projects\sudoku_gruppea_18042016\sudoku_gruppea_18042016\include\curses.h(261): warning C4820: "_win": 1 Bytes Abstand hinter Datenmember  "_use_keypad" hinzugefügt.
     1>c:\users\fischer.david\documents\visual studio 2012\projects\sudoku_gruppea_18042016\sudoku_gruppea_18042016\include\curses.h(288): warning C4820: "<unnamed-tag>": 2 Bytes Abstand hinter Datenmember  "orig_back" hinzugefügt.
     1>c:\users\fischer.david\documents\visual studio 2012\projects\sudoku_gruppea_18042016\sudoku_gruppea_18042016\include\curses.h(308): warning C4820: "<unnamed-tag>": 3 Bytes Abstand hinter Datenmember  "_preserve" hinzugefügt.
     1>c:\users\fischer.david\documents\visual studio 2012\projects\sudoku_gruppea_18042016\sudoku_gruppea_18042016\include\curses.h(326): warning C4820: "<unnamed-tag>": 1 Bytes Abstand hinter Datenmember  "key_code" hinzugefügt.
     1>c:\users\fischer.david\documents\visual studio 2012\projects\sudoku_gruppea_18042016\sudoku_gruppea_18042016\include\curses.h(327): warning C4820: "<unnamed-tag>": 2 Bytes Abstand hinter Datenmember  "line_color" hinzugefügt.
     1>c:\users\fischer.david\documents\visual studio 2012\projects\sudoku_gruppea_18042016\sudoku_gruppea_18042016\main.c(63): warning C4127: Bedingter Ausdruck ist konstant
       Link:
         C:\Program Files (x86)\Microsoft Visual Studio 11.0\VC\bin\link.exe /ERRORREPORT:PROMPT /OUT:"c:\users\fischer.david\documents\visual studio 2012\Projects\Sudoku_GruppeA_18042016\Debug\Sudoku_GruppeA_18042016.exe" /INCREMENTAL /NOLOGO "c:\Users\fischer.david\documents\visual studio 2012\Projects\Sudoku_GruppeA_18042016\Sudoku_GruppeA_18042016\lib\pdcurses.lib" kernel32.lib user32.lib gdi32.lib winspool.lib comdlg32.lib advapi32.lib shell32.lib ole32.lib oleaut32.lib uuid.lib odbc32.lib odbccp32.lib /MANIFEST /MANIFESTUAC:"level='asInvoker' uiAccess='false'" /manifest:embed /DEBUG /PDB:"c:\users\fischer.david\documents\visual studio 2012\Projects\Sudoku_GruppeA_18042016\Debug\Sudoku_GruppeA_18042016.pdb" /TLBID:1 /DYNAMICBASE /NXCOMPAT /IMPLIB:"c:\users\fischer.david\documents\visual studio 2012\Projects\Sudoku_GruppeA_18042016\Debug\Sudoku_GruppeA_18042016.lib" /MACHINE:X86 Debug\main.obj
         Sudoku_GruppeA_18042016.vcxproj -> c:\users\fischer.david\documents\visual studio 2012\Projects\Sudoku_GruppeA_18042016\Debug\Sudoku_GruppeA_18042016.exe
     1>Die Erstellung des Projekts "c:\Users\fischer.david\documents\visual studio 2012\Projects\Sudoku_GruppeA_18042016\Sudoku_GruppeA_18042016\Sudoku_GruppeA_18042016.vcxproj" ist abgeschlossen, Build Ziel(e).

Build erfolgreich.

Verstrichene Zeit 00:00:00.65
