C:\USERS\FISCHER.DAVID\DOCUMENTS\VISUAL STUDIO 2012\PROJECTS\SUDOKU_GRUPPEA_18042016\SUDOKU_GRUPPEA_18042016\DEBUG\MAIN.OBJ
C:\USERS\FISCHER.DAVID\DOCUMENTS\VISUAL STUDIO 2012\PROJECTS\SUDOKU_GRUPPEA_18042016\SUDOKU_GRUPPEA_18042016\DEBUG\VC110.PDB
c:\Users\fischer.david\documents\visual studio 2012\Projects\Sudoku_GruppeA_18042016\Sudoku_GruppeA_18042016\Debug\main.obj
c:\Users\fischer.david\documents\visual studio 2012\Projects\Sudoku_GruppeA_18042016\Sudoku_GruppeA_18042016\Debug\cl.command.1.tlog
c:\Users\fischer.david\documents\visual studio 2012\Projects\Sudoku_GruppeA_18042016\Sudoku_GruppeA_18042016\Debug\CL.read.1.tlog
c:\Users\fischer.david\documents\visual studio 2012\Projects\Sudoku_GruppeA_18042016\Sudoku_GruppeA_18042016\Debug\CL.write.1.tlog
c:\Users\fischer.david\documents\visual studio 2012\Projects\Sudoku_GruppeA_18042016\Sudoku_GruppeA_18042016\Debug\link-cvtres.read.1.tlog
c:\Users\fischer.david\documents\visual studio 2012\Projects\Sudoku_GruppeA_18042016\Sudoku_GruppeA_18042016\Debug\link-cvtres.write.1.tlog
c:\Users\fischer.david\documents\visual studio 2012\Projects\Sudoku_GruppeA_18042016\Sudoku_GruppeA_18042016\Debug\link-rc.read.1.tlog
c:\Users\fischer.david\documents\visual studio 2012\Projects\Sudoku_GruppeA_18042016\Sudoku_GruppeA_18042016\Debug\link-rc.write.1.tlog
c:\Users\fischer.david\documents\visual studio 2012\Projects\Sudoku_GruppeA_18042016\Sudoku_GruppeA_18042016\Debug\link.4544-cvtres.read.1.tlog
c:\Users\fischer.david\documents\visual studio 2012\Projects\Sudoku_GruppeA_18042016\Sudoku_GruppeA_18042016\Debug\link.4544-cvtres.write.1.tlog
c:\Users\fischer.david\documents\visual studio 2012\Projects\Sudoku_GruppeA_18042016\Sudoku_GruppeA_18042016\Debug\link.4544-rc.read.1.tlog
c:\Users\fischer.david\documents\visual studio 2012\Projects\Sudoku_GruppeA_18042016\Sudoku_GruppeA_18042016\Debug\link.4544-rc.write.1.tlog
c:\Users\fischer.david\documents\visual studio 2012\Projects\Sudoku_GruppeA_18042016\Sudoku_GruppeA_18042016\Debug\link.4544.read.1.tlog
c:\Users\fischer.david\documents\visual studio 2012\Projects\Sudoku_GruppeA_18042016\Sudoku_GruppeA_18042016\Debug\link.4544.write.1.tlog
c:\Users\fischer.david\documents\visual studio 2012\Projects\Sudoku_GruppeA_18042016\Sudoku_GruppeA_18042016\Debug\link.4600-cvtres.read.1.tlog
c:\Users\fischer.david\documents\visual studio 2012\Projects\Sudoku_GruppeA_18042016\Sudoku_GruppeA_18042016\Debug\link.4600-cvtres.write.1.tlog
c:\Users\fischer.david\documents\visual studio 2012\Projects\Sudoku_GruppeA_18042016\Sudoku_GruppeA_18042016\Debug\link.4600-rc.read.1.tlog
c:\Users\fischer.david\documents\visual studio 2012\Projects\Sudoku_GruppeA_18042016\Sudoku_GruppeA_18042016\Debug\link.4600-rc.write.1.tlog
c:\Users\fischer.david\documents\visual studio 2012\Projects\Sudoku_GruppeA_18042016\Sudoku_GruppeA_18042016\Debug\link.4600.read.1.tlog
c:\Users\fischer.david\documents\visual studio 2012\Projects\Sudoku_GruppeA_18042016\Sudoku_GruppeA_18042016\Debug\link.4600.write.1.tlog
c:\Users\fischer.david\documents\visual studio 2012\Projects\Sudoku_GruppeA_18042016\Sudoku_GruppeA_18042016\Debug\link.command.1.tlog
c:\Users\fischer.david\documents\visual studio 2012\Projects\Sudoku_GruppeA_18042016\Sudoku_GruppeA_18042016\Debug\link.read.1.tlog
c:\Users\fischer.david\documents\visual studio 2012\Projects\Sudoku_GruppeA_18042016\Sudoku_GruppeA_18042016\Debug\link.write.1.tlog
c:\Users\fischer.david\documents\visual studio 2012\Projects\Sudoku_GruppeA_18042016\Sudoku_GruppeA_18042016\Debug\vc110.idb
c:\Users\fischer.david\documents\visual studio 2012\Projects\Sudoku_GruppeA_18042016\Sudoku_GruppeA_18042016\Debug\vc110.pdb
c:\users\fischer.david\documents\visual studio 2012\Projects\Sudoku_GruppeA_18042016\Debug\Sudoku_GruppeA_18042016.pdb
c:\users\fischer.david\documents\visual studio 2012\Projects\Sudoku_GruppeA_18042016\Debug\Sudoku_GruppeA_18042016.exe
c:\users\fischer.david\documents\visual studio 2012\Projects\Sudoku_GruppeA_18042016\Debug\Sudoku_GruppeA_18042016.ilk
